2014-05-15 12:21:18 Error: [MissingControllerException] Controller class AdminController could not be found.
Exception Attributes: array (
  'class' => 'AdminController',
  'plugin' => NULL,
)
Request URL: /admin
Stack Trace:
#0 /var/www/PHP/cakephp/app/webroot/index.php(108): Dispatcher->dispatch(Object(CakeRequest), Object(CakeResponse))
#1 {main}
2014-05-15 12:21:42 Error: [MissingActionException] Action AppController::webroot() could not be found.
Exception Attributes: array (
  'controller' => 'AppController',
  'action' => 'webroot',
)
Request URL: /app/webroot/img/hackdumb.png
Stack Trace:
#0 /var/www/PHP/cakephp/lib/Cake/Routing/Dispatcher.php(185): Controller->invokeAction(Object(CakeRequest))
#1 /var/www/PHP/cakephp/lib/Cake/Routing/Dispatcher.php(160): Dispatcher->_invoke(Object(AppController), Object(CakeRequest), Object(CakeResponse))
#2 /var/www/PHP/cakephp/app/webroot/index.php(108): Dispatcher->dispatch(Object(CakeRequest), Object(CakeResponse))
#3 {main}
2014-05-15 12:22:17 Error: [MissingActionException] Action CakephpController::index.php() could not be found.
Exception Attributes: array (
  'controller' => 'CakephpController',
  'action' => 'index.php',
)
Request URL: /cakephp/index.php
Stack Trace:
#0 /var/www/PHP/cakephp/lib/Cake/Routing/Dispatcher.php(185): Controller->invokeAction(Object(CakeRequest))
#1 /var/www/PHP/cakephp/lib/Cake/Routing/Dispatcher.php(160): Dispatcher->_invoke(Object(CakephpController), Object(CakeRequest), Object(CakeResponse))
#2 /var/www/PHP/cakephp/app/webroot/index.php(108): Dispatcher->dispatch(Object(CakeRequest), Object(CakeResponse))
#3 {main}
2014-05-15 12:22:21 Error: [MissingActionException] Action CakephpController::index.php() could not be found.
Exception Attributes: array (
  'controller' => 'CakephpController',
  'action' => 'index.php',
)
Request URL: /cakephp/index.php
Stack Trace:
#0 /var/www/PHP/cakephp/lib/Cake/Routing/Dispatcher.php(185): Controller->invokeAction(Object(CakeRequest))
#1 /var/www/PHP/cakephp/lib/Cake/Routing/Dispatcher.php(160): Dispatcher->_invoke(Object(CakephpController), Object(CakeRequest), Object(CakeResponse))
#2 /var/www/PHP/cakephp/app/webroot/index.php(108): Dispatcher->dispatch(Object(CakeRequest), Object(CakeResponse))
#3 {main}
2014-05-15 12:23:31 Error: [MissingActionException] Action CakephpController::index.php() could not be found.
Exception Attributes: array (
  'controller' => 'CakephpController',
  'action' => 'index.php',
)
Request URL: /cakephp/index.php
Stack Trace:
#0 /var/www/PHP/cakephp/lib/Cake/Routing/Dispatcher.php(185): Controller->invokeAction(Object(CakeRequest))
#1 /var/www/PHP/cakephp/lib/Cake/Routing/Dispatcher.php(160): Dispatcher->_invoke(Object(CakephpController), Object(CakeRequest), Object(CakeResponse))
#2 /var/www/PHP/cakephp/app/webroot/index.php(108): Dispatcher->dispatch(Object(CakeRequest), Object(CakeResponse))
#3 {main}
2014-05-15 12:26:18 Error: [MissingActionException] Action AppController::webroot() could not be found.
Exception Attributes: array (
  'controller' => 'AppController',
  'action' => 'webroot',
)
Request URL: /app/webroot/img/hackdumb.png
Stack Trace:
#0 /var/www/PHP/cakephp/lib/Cake/Routing/Dispatcher.php(185): Controller->invokeAction(Object(CakeRequest))
#1 /var/www/PHP/cakephp/lib/Cake/Routing/Dispatcher.php(160): Dispatcher->_invoke(Object(AppController), Object(CakeRequest), Object(CakeResponse))
#2 /var/www/PHP/cakephp/app/webroot/index.php(108): Dispatcher->dispatch(Object(CakeRequest), Object(CakeResponse))
#3 {main}
2014-05-15 12:26:19 Error: [MissingActionException] Action CakephpController::index.php() could not be found.
Exception Attributes: array (
  'controller' => 'CakephpController',
  'action' => 'index.php',
)
Request URL: /cakephp/index.php
Stack Trace:
#0 /var/www/PHP/cakephp/lib/Cake/Routing/Dispatcher.php(185): Controller->invokeAction(Object(CakeRequest))
#1 /var/www/PHP/cakephp/lib/Cake/Routing/Dispatcher.php(160): Dispatcher->_invoke(Object(CakephpController), Object(CakeRequest), Object(CakeResponse))
#2 /var/www/PHP/cakephp/app/webroot/index.php(108): Dispatcher->dispatch(Object(CakeRequest), Object(CakeResponse))
#3 {main}
2014-05-15 12:26:55 Error: [MissingActionException] Action CakephpController::index.php() could not be found.
Exception Attributes: array (
  'controller' => 'CakephpController',
  'action' => 'index.php',
)
Request URL: /cakephp/index.php
Stack Trace:
#0 /var/www/PHP/cakephp/lib/Cake/Routing/Dispatcher.php(185): Controller->invokeAction(Object(CakeRequest))
#1 /var/www/PHP/cakephp/lib/Cake/Routing/Dispatcher.php(160): Dispatcher->_invoke(Object(CakephpController), Object(CakeRequest), Object(CakeResponse))
#2 /var/www/PHP/cakephp/app/webroot/index.php(108): Dispatcher->dispatch(Object(CakeRequest), Object(CakeResponse))
#3 {main}
2014-05-15 12:26:58 Error: [MissingActionException] Action AppController::webroot() could not be found.
Exception Attributes: array (
  'controller' => 'AppController',
  'action' => 'webroot',
)
Request URL: /app/webroot/img/hackdumb.png
Stack Trace:
#0 /var/www/PHP/cakephp/lib/Cake/Routing/Dispatcher.php(185): Controller->invokeAction(Object(CakeRequest))
#1 /var/www/PHP/cakephp/lib/Cake/Routing/Dispatcher.php(160): Dispatcher->_invoke(Object(AppController), Object(CakeRequest), Object(CakeResponse))
#2 /var/www/PHP/cakephp/app/webroot/index.php(108): Dispatcher->dispatch(Object(CakeRequest), Object(CakeResponse))
#3 {main}
